<?xml version="1.0" encoding="UTF-8"?>
<testng-results ignored="0" total="1" passed="1" failed="0" skipped="0">
  <reporter-output>
  </reporter-output>
  <suite started-at="2024-08-14T17:05:13 IST" name="Default suite" finished-at="2024-08-14T17:05:14 IST" duration-ms="1668">
    <groups>
    </groups>
    <test started-at="2024-08-14T17:05:13 IST" name="Default test" finished-at="2024-08-14T17:05:14 IST" duration-ms="1668">
      <class name="com.comcast.ninzaHrm.addDuplicateProject">
        <test-method is-config="true" signature="configBS()[pri:0, instance:com.comcast.ninzaHrm.addDuplicateProject@1be2019a]" started-at="2024-08-14T17:05:11 IST" name="configBS" finished-at="2024-08-14T17:05:13 IST" duration-ms="1727" status="PASS">
          <reporter-output>
          </reporter-output>
        </test-method> <!-- configBS -->
        <test-method signature="HRM_API_04()[pri:0, instance:com.comcast.ninzaHrm.addDuplicateProject@1be2019a]" started-at="2024-08-14T17:05:13 IST" name="HRM_API_04" finished-at="2024-08-14T17:05:14 IST" duration-ms="1609" status="PASS">
          <reporter-output>
          </reporter-output>
        </test-method> <!-- HRM_API_04 -->
        <test-method is-config="true" signature="configAS()[pri:0, instance:com.comcast.ninzaHrm.addDuplicateProject@1be2019a]" started-at="2024-08-14T17:05:14 IST" name="configAS" finished-at="2024-08-14T17:05:14 IST" duration-ms="11" status="PASS">
          <reporter-output>
          </reporter-output>
        </test-method> <!-- configAS -->
      </class> <!-- com.comcast.ninzaHrm.addDuplicateProject -->
    </test> <!-- Default test -->
  </suite> <!-- Default suite -->
</testng-results>
